info: May-18-2021 23:44:11: 	Server up and running on port 5000 !
error: May-18-2021 23:46:24: 	User already exists !
info: May-19-2021 01:06:56: 	Server up and running on port 5000 !
info: May-19-2021 01:06:57: 	MongoDB successfully connected
info: May-19-2021 15:23:52: 	Server up and running on port 5000 !
info: May-19-2021 15:23:52: 	MongoDB successfully connected !
info: May-19-2021 15:25:58: 	Server up and running on port 5000 !
info: May-19-2021 15:25:59: 	MongoDB successfully connected !
info: May-19-2021 15:26:02: 	Server up and running on port 5000 !
info: May-19-2021 15:26:03: 	MongoDB successfully connected !
info: May-19-2021 15:26:06: 	Server up and running on port 5000 !
info: May-19-2021 15:26:06: 	MongoDB successfully connected !
info: May-19-2021 15:26:09: 	Server up and running on port 5000 !
info: May-19-2021 15:26:09: 	MongoDB successfully connected !
info: May-19-2021 15:26:14: 	Server up and running on port 5000 !
info: May-19-2021 15:26:14: 	MongoDB successfully connected !
info: May-19-2021 15:26:30: 	Server up and running on port 5000 !
info: May-19-2021 15:26:30: 	MongoDB successfully connected !
info: May-19-2021 15:27:03: 	Server up and running on port 5000 !
info: May-19-2021 15:27:04: 	MongoDB successfully connected !
info: May-19-2021 15:28:47: 	Server up and running on port 5000 !
info: May-19-2021 15:28:48: 	MongoDB successfully connected !
info: May-19-2021 15:28:54: 	Search successful !
info: May-19-2021 15:30:59: 	Search successful !
info: May-19-2021 15:32:01: 	Server up and running on port 5000 !
info: May-19-2021 15:32:01: 	MongoDB successfully connected !
info: May-19-2021 15:32:03: 	Server up and running on port 5000 !
info: May-19-2021 15:32:03: 	MongoDB successfully connected !
info: May-19-2021 15:32:16: 	Search successful !
info: May-19-2021 15:33:32: 	Server up and running on port 5000 !
info: May-19-2021 15:33:32: 	MongoDB successfully connected !
info: May-19-2021 15:33:38: 	Search successful !
info: May-19-2021 15:42:30: 	Server up and running on port 5000 !
info: May-19-2021 15:42:30: 	MongoDB successfully connected !
info: May-19-2021 15:42:35: 	Search successful !
info: May-19-2021 15:53:58: 	Server up and running on port 5000 !
info: May-19-2021 15:53:58: 	MongoDB successfully connected !
info: May-19-2021 15:54:02: 	Search successful !
info: May-19-2021 15:54:33: 	Server up and running on port 5000 !
info: May-19-2021 15:54:33: 	MongoDB successfully connected !
info: May-19-2021 15:54:37: 	Search successful !
info: May-19-2021 15:54:47: 	Server up and running on port 5000 !
info: May-19-2021 15:54:48: 	MongoDB successfully connected !
info: May-19-2021 16:30:00: 	Server up and running on port 5000 !
info: May-19-2021 16:30:01: 	MongoDB successfully connected !
info: May-19-2021 16:30:05: 	Search successful !
info: May-19-2021 16:37:02: 	Server up and running on port 5000 !
info: May-19-2021 16:37:02: 	MongoDB successfully connected !
info: May-19-2021 16:37:05: 	Search successful !
info: May-19-2021 16:37:29: 	Server up and running on port 5000 !
info: May-19-2021 16:37:30: 	MongoDB successfully connected !
info: May-19-2021 16:37:38: 	Search successful !
info: May-19-2021 16:38:02: 	Server up and running on port 5000 !
info: May-19-2021 16:38:03: 	MongoDB successfully connected !
info: May-19-2021 16:38:07: 	Server up and running on port 5000 !
info: May-19-2021 16:38:08: 	MongoDB successfully connected !
info: May-19-2021 16:38:13: 	Search successful !
info: May-19-2021 16:39:24: 	Server up and running on port 5000 !
info: May-19-2021 16:39:24: 	MongoDB successfully connected !
info: May-19-2021 16:39:28: 	Search successful !
info: May-19-2021 16:41:31: 	Server up and running on port 5000 !
info: May-19-2021 16:41:32: 	MongoDB successfully connected !
info: May-19-2021 16:41:36: 	Search successful !
info: May-19-2021 16:43:50: 	Server up and running on port 5000 !
info: May-19-2021 16:43:50: 	MongoDB successfully connected !
info: May-19-2021 16:43:56: 	Search successful !
info: May-19-2021 16:50:10: 	Server up and running on port 5000 !
info: May-19-2021 16:50:11: 	MongoDB successfully connected !
error: May-19-2021 16:50:13: 	User not valid !
info: May-19-2021 16:50:14: 	Search successful !
info: May-19-2021 16:57:11: 	Server up and running on port 5000 !
info: May-19-2021 16:57:12: 	MongoDB successfully connected !
error: May-19-2021 16:57:16: 	User not valid !
info: May-19-2021 16:57:16: 	Search successful !
info: May-19-2021 16:59:31: 	Server up and running on port 5000 !
info: May-19-2021 16:59:32: 	MongoDB successfully connected !
info: May-19-2021 16:59:35: 	Server up and running on port 5000 !
info: May-19-2021 16:59:36: 	MongoDB successfully connected !
info: May-19-2021 16:59:45: 	Server up and running on port 5000 !
info: May-19-2021 16:59:45: 	MongoDB successfully connected !
info: May-19-2021 16:59:47: 	Server up and running on port 5000 !
info: May-19-2021 16:59:47: 	MongoDB successfully connected !
info: May-19-2021 16:59:48: 	Server up and running on port 5000 !
info: May-19-2021 16:59:49: 	MongoDB successfully connected !
info: May-19-2021 16:59:50: 	Server up and running on port 5000 !
info: May-19-2021 16:59:50: 	MongoDB successfully connected !
info: May-19-2021 17:02:01: 	Server up and running on port 5000 !
info: May-19-2021 17:02:01: 	MongoDB successfully connected !
info: May-19-2021 17:02:07: 	Server up and running on port 5000 !
info: May-19-2021 17:02:07: 	MongoDB successfully connected !
info: May-19-2021 17:02:13: 	Server up and running on port 5000 !
info: May-19-2021 17:02:13: 	MongoDB successfully connected !
info: May-19-2021 17:02:19: 	Server up and running on port 5000 !
info: May-19-2021 17:02:20: 	MongoDB successfully connected !
info: May-19-2021 17:02:20: 	Server up and running on port 5000 !
info: May-19-2021 17:02:21: 	MongoDB successfully connected !
info: May-19-2021 17:02:23: 	Server up and running on port 5000 !
info: May-19-2021 17:02:23: 	MongoDB successfully connected !
info: May-19-2021 17:02:26: 	Server up and running on port 5000 !
info: May-19-2021 17:02:26: 	MongoDB successfully connected !
info: May-19-2021 17:02:29: 	Server up and running on port 5000 !
info: May-19-2021 17:02:29: 	MongoDB successfully connected !
info: May-19-2021 17:02:30: 	Server up and running on port 5000 !
info: May-19-2021 17:02:30: 	MongoDB successfully connected !
info: May-19-2021 17:02:32: 	Server up and running on port 5000 !
info: May-19-2021 17:02:33: 	MongoDB successfully connected !
info: May-19-2021 17:02:37: 	Server up and running on port 5000 !
info: May-19-2021 17:02:38: 	MongoDB successfully connected !
info: May-19-2021 17:02:39: 	Server up and running on port 5000 !
info: May-19-2021 17:02:39: 	MongoDB successfully connected !
info: May-19-2021 17:02:45: 	Server up and running on port 5000 !
info: May-19-2021 17:02:45: 	MongoDB successfully connected !
info: May-19-2021 17:03:40: 	Server up and running on port 5000 !
info: May-19-2021 17:03:40: 	MongoDB successfully connected !
info: May-19-2021 17:03:41: 	Server up and running on port 5000 !
info: May-19-2021 17:03:42: 	MongoDB successfully connected !
info: May-19-2021 17:03:53: 	Server up and running on port 5000 !
info: May-19-2021 17:03:53: 	MongoDB successfully connected !
info: May-19-2021 17:03:57: 	Server up and running on port 5000 !
info: May-19-2021 17:03:57: 	MongoDB successfully connected !
error: May-19-2021 17:04:13: 	User not valid !
info: May-19-2021 17:04:13: 	Search successful !
info: May-19-2021 17:04:51: 	Server up and running on port 5000 !
info: May-19-2021 17:04:52: 	MongoDB successfully connected !
info: May-19-2021 17:04:58: 	Server up and running on port 5000 !
info: May-19-2021 17:04:58: 	MongoDB successfully connected !
info: May-19-2021 17:05:05: 	Server up and running on port 5000 !
info: May-19-2021 17:05:05: 	MongoDB successfully connected !
error: May-19-2021 17:05:08: 	User not valid !
info: May-19-2021 17:05:44: 	Server up and running on port 5000 !
info: May-19-2021 17:05:44: 	MongoDB successfully connected !
error: May-19-2021 17:05:47: 	User not valid !
info: May-19-2021 17:06:19: 	Server up and running on port 5000 !
info: May-19-2021 17:06:19: 	MongoDB successfully connected !
info: May-19-2021 17:10:09: 	Server up and running on port 5000 !
info: May-19-2021 17:10:10: 	MongoDB successfully connected !
info: May-19-2021 17:10:40: 	Server up and running on port 5000 !
info: May-19-2021 17:10:40: 	MongoDB successfully connected !
info: May-19-2021 17:10:46: 	Server up and running on port 5000 !
info: May-19-2021 17:10:46: 	MongoDB successfully connected !
info: May-19-2021 17:10:49: 	Server up and running on port 5000 !
info: May-19-2021 17:10:49: 	MongoDB successfully connected !
info: May-19-2021 17:11:09: 	New user created
info: May-19-2021 17:11:28: 	Server up and running on port 5000 !
info: May-19-2021 17:11:29: 	MongoDB successfully connected !
info: May-19-2021 17:11:32: 	Server up and running on port 5000 !
info: May-19-2021 17:11:32: 	MongoDB successfully connected !
info: May-19-2021 17:11:58: 	Server up and running on port 5000 !
info: May-19-2021 17:11:59: 	MongoDB successfully connected !
info: May-19-2021 17:12:04: 	Server up and running on port 5000 !
info: May-19-2021 17:12:06: 	Server up and running on port 5000 !
info: May-19-2021 17:12:07: 	MongoDB successfully connected !
info: May-19-2021 17:12:12: 	Server up and running on port 5000 !
info: May-19-2021 17:12:12: 	MongoDB successfully connected !
info: May-19-2021 17:12:21: 	Server up and running on port 5000 !
info: May-19-2021 17:12:22: 	MongoDB successfully connected !
info: May-19-2021 17:12:27: 	Server up and running on port 5000 !
info: May-19-2021 17:12:27: 	MongoDB successfully connected !
info: May-19-2021 17:12:58: 	Server up and running on port 5000 !
info: May-19-2021 17:12:58: 	MongoDB successfully connected !
info: May-19-2021 17:13:00: 	Server up and running on port 5000 !
info: May-19-2021 17:13:00: 	MongoDB successfully connected !
info: May-19-2021 17:13:08: 	Server up and running on port 5000 !
info: May-19-2021 17:13:08: 	MongoDB successfully connected !
error: May-19-2021 17:13:26: 	User already exists !
info: May-19-2021 17:13:26: 	Login successful !
info: May-19-2021 17:14:13: 	Server up and running on port 5000 !
info: May-19-2021 17:14:13: 	MongoDB successfully connected !
info: May-19-2021 17:14:17: 	Server up and running on port 5000 !
info: May-19-2021 17:14:17: 	MongoDB successfully connected !
info: May-19-2021 17:14:20: 	Server up and running on port 5000 !
info: May-19-2021 17:14:21: 	MongoDB successfully connected !
info: May-19-2021 17:14:26: 	Server up and running on port 5000 !
info: May-19-2021 17:14:27: 	MongoDB successfully connected !
error: May-19-2021 17:14:31: 	User already exists !
info: May-19-2021 17:14:31: 	Login successful !
info: May-19-2021 17:15:01: 	Server up and running on port 5000 !
info: May-19-2021 17:15:02: 	MongoDB successfully connected !
error: May-19-2021 17:16:18: 	User already exists !
info: May-19-2021 17:16:18: 	Login successful !
info: May-19-2021 17:16:31: 	Server up and running on port 5000 !
info: May-19-2021 17:16:32: 	MongoDB successfully connected !
error: May-19-2021 17:16:33: 	User already exists !
info: May-19-2021 17:18:13: 	Server up and running on port 5000 !
info: May-19-2021 17:18:14: 	MongoDB successfully connected !
info: May-19-2021 17:18:36: 	Server up and running on port 5000 !
info: May-19-2021 17:18:36: 	MongoDB successfully connected !
info: May-19-2021 17:18:39: 	New user created
info: May-19-2021 17:18:39: 	Login successful !
info: May-19-2021 17:22:04: 	Server up and running on port 5000 !
info: May-19-2021 17:22:05: 	MongoDB successfully connected !
info: May-19-2021 17:22:49: 	Server up and running on port 5000 !
info: May-19-2021 17:22:49: 	MongoDB successfully connected !
info: May-19-2021 17:22:51: 	Server up and running on port 5000 !
info: May-19-2021 17:22:52: 	MongoDB successfully connected !
info: May-19-2021 17:22:53: 	Server up and running on port 5000 !
info: May-19-2021 17:22:53: 	MongoDB successfully connected !
info: May-19-2021 17:22:59: 	Server up and running on port 5000 !
info: May-19-2021 17:22:59: 	MongoDB successfully connected !
info: May-19-2021 17:23:11: 	Server up and running on port 5000 !
info: May-19-2021 17:23:11: 	MongoDB successfully connected !
info: May-19-2021 17:23:16: 	Server up and running on port 5000 !
info: May-19-2021 17:23:16: 	MongoDB successfully connected !
info: May-19-2021 17:23:17: 	Server up and running on port 5000 !
info: May-19-2021 17:23:17: 	MongoDB successfully connected !
info: May-19-2021 17:23:18: 	Server up and running on port 5000 !
info: May-19-2021 17:23:19: 	MongoDB successfully connected !
info: May-19-2021 17:23:47: 	Server up and running on port 5000 !
info: May-19-2021 17:23:47: 	MongoDB successfully connected !
info: May-19-2021 17:24:40: 	Server up and running on port 5000 !
info: May-19-2021 17:24:40: 	MongoDB successfully connected !
info: May-19-2021 17:24:43: 	Server up and running on port 5000 !
info: May-19-2021 17:24:43: 	MongoDB successfully connected !
info: May-19-2021 17:24:45: 	Server up and running on port 5000 !
info: May-19-2021 17:24:45: 	MongoDB successfully connected !
info: May-19-2021 17:24:50: 	Server up and running on port 5000 !
info: May-19-2021 17:24:50: 	MongoDB successfully connected !
info: May-19-2021 17:24:56: 	Server up and running on port 5000 !
info: May-19-2021 17:24:57: 	MongoDB successfully connected !
info: May-19-2021 17:25:04: 	Server up and running on port 5000 !
info: May-19-2021 17:25:04: 	MongoDB successfully connected !
info: May-19-2021 17:25:20: 	Server up and running on port 5000 !
info: May-19-2021 17:25:21: 	MongoDB successfully connected !
info: May-19-2021 17:25:22: 	Server up and running on port 5000 !
info: May-19-2021 17:25:22: 	MongoDB successfully connected !
info: May-19-2021 17:25:26: 	Server up and running on port 5000 !
info: May-19-2021 17:25:26: 	MongoDB successfully connected !
info: May-19-2021 17:25:27: 	Server up and running on port 5000 !
info: May-19-2021 17:25:27: 	MongoDB successfully connected !
info: May-19-2021 17:25:31: 	Server up and running on port 5000 !
info: May-19-2021 17:25:31: 	MongoDB successfully connected !
info: May-19-2021 17:25:34: 	Server up and running on port 5000 !
info: May-19-2021 17:25:34: 	MongoDB successfully connected !
info: May-19-2021 17:25:37: 	Server up and running on port 5000 !
info: May-19-2021 17:25:37: 	MongoDB successfully connected !
info: May-19-2021 17:26:08: 	Server up and running on port 5000 !
info: May-19-2021 17:26:08: 	MongoDB successfully connected !
info: May-19-2021 17:30:58: 	Server up and running on port 5000 !
info: May-19-2021 17:30:59: 	MongoDB successfully connected !
info: May-19-2021 17:31:26: 	Server up and running on port 5000 !
info: May-19-2021 17:31:27: 	MongoDB successfully connected !
info: May-19-2021 17:32:14: 	Server up and running on port 5000 !
info: May-19-2021 17:32:15: 	MongoDB successfully connected !
info: May-19-2021 17:32:16: 	Server up and running on port 5000 !
info: May-19-2021 17:32:16: 	MongoDB successfully connected !
info: May-19-2021 17:32:23: 	Server up and running on port 5000 !
info: May-19-2021 17:32:23: 	MongoDB successfully connected !
info: May-19-2021 17:32:25: 	Server up and running on port 5000 !
info: May-19-2021 17:32:25: 	MongoDB successfully connected !
info: May-19-2021 17:32:33: 	Server up and running on port 5000 !
info: May-19-2021 17:32:34: 	MongoDB successfully connected !
info: May-19-2021 17:32:37: 	Server up and running on port 5000 !
info: May-19-2021 17:32:37: 	MongoDB successfully connected !
info: May-19-2021 17:32:45: 	Server up and running on port 5000 !
info: May-19-2021 17:32:45: 	MongoDB successfully connected !
info: May-19-2021 17:32:50: 	Server up and running on port 5000 !
info: May-19-2021 17:32:50: 	MongoDB successfully connected !
info: May-19-2021 17:32:53: 	Server up and running on port 5000 !
info: May-19-2021 17:32:53: 	MongoDB successfully connected !
info: May-19-2021 17:32:55: 	Server up and running on port 5000 !
info: May-19-2021 17:32:55: 	MongoDB successfully connected !
info: May-19-2021 17:33:01: 	Server up and running on port 5000 !
info: May-19-2021 17:33:01: 	MongoDB successfully connected !
info: May-19-2021 17:33:05: 	Server up and running on port 5000 !
info: May-19-2021 17:33:05: 	MongoDB successfully connected !
info: May-19-2021 17:33:07: 	Server up and running on port 5000 !
info: May-19-2021 17:33:07: 	MongoDB successfully connected !
info: May-19-2021 17:33:10: 	Server up and running on port 5000 !
info: May-19-2021 17:33:10: 	MongoDB successfully connected !
info: May-19-2021 17:33:14: 	Server up and running on port 5000 !
info: May-19-2021 17:33:15: 	MongoDB successfully connected !
info: May-19-2021 17:33:19: 	Server up and running on port 5000 !
info: May-19-2021 17:33:20: 	MongoDB successfully connected !
info: May-19-2021 17:33:24: 	Server up and running on port 5000 !
info: May-19-2021 17:33:24: 	MongoDB successfully connected !
info: May-19-2021 17:33:28: 	Server up and running on port 5000 !
info: May-19-2021 17:33:29: 	MongoDB successfully connected !
info: May-19-2021 17:33:30: 	Server up and running on port 5000 !
info: May-19-2021 17:33:30: 	MongoDB successfully connected !
info: May-19-2021 17:34:53: 	Server up and running on port 5000 !
info: May-19-2021 17:34:54: 	MongoDB successfully connected !
info: May-19-2021 17:34:59: 	Server up and running on port 5000 !
info: May-19-2021 17:34:59: 	MongoDB successfully connected !
info: May-19-2021 17:35:12: 	Server up and running on port 5000 !
info: May-19-2021 17:35:13: 	MongoDB successfully connected !
info: May-19-2021 17:36:18: 	Server up and running on port 5000 !
info: May-19-2021 17:36:18: 	MongoDB successfully connected !
info: May-19-2021 17:36:43: 	Server up and running on port 5000 !
info: May-19-2021 17:36:44: 	MongoDB successfully connected !
info: May-19-2021 17:36:48: 	Server up and running on port 5000 !
info: May-19-2021 17:36:50: 	Server up and running on port 5000 !
info: May-19-2021 17:36:50: 	MongoDB successfully connected !
info: May-19-2021 17:36:54: 	Server up and running on port 5000 !
info: May-19-2021 17:36:54: 	MongoDB successfully connected !
info: May-19-2021 17:36:57: 	Server up and running on port 5000 !
info: May-19-2021 17:36:57: 	MongoDB successfully connected !
info: May-19-2021 17:38:13: 	Server up and running on port 5000 !
info: May-19-2021 17:38:14: 	MongoDB successfully connected !
info: May-19-2021 17:38:27: 	Server up and running on port 5000 !
info: May-19-2021 17:38:28: 	MongoDB successfully connected !
info: May-19-2021 17:38:54: 	Login successful !
info: May-19-2021 17:38:55: 	Search successful !
info: May-19-2021 17:41:02: 	Server up and running on port 5000 !
info: May-19-2021 17:41:03: 	MongoDB successfully connected !
info: May-19-2021 17:41:06: 	Server up and running on port 5000 !
info: May-19-2021 17:41:06: 	MongoDB successfully connected !
info: May-19-2021 17:41:17: 	Server up and running on port 5000 !
info: May-19-2021 17:41:17: 	MongoDB successfully connected !
info: May-19-2021 17:41:19: 	Server up and running on port 5000 !
info: May-19-2021 17:41:19: 	MongoDB successfully connected !
info: May-19-2021 17:41:20: 	Server up and running on port 5000 !
info: May-19-2021 17:41:20: 	MongoDB successfully connected !
info: May-19-2021 17:41:21: 	Server up and running on port 5000 !
info: May-19-2021 17:41:21: 	MongoDB successfully connected !
info: May-19-2021 17:41:25: 	Server up and running on port 5000 !
info: May-19-2021 17:41:26: 	MongoDB successfully connected !
info: May-19-2021 17:41:31: 	Server up and running on port 5000 !
info: May-19-2021 17:41:31: 	MongoDB successfully connected !
info: May-19-2021 17:41:36: 	Server up and running on port 5000 !
info: May-19-2021 17:41:36: 	MongoDB successfully connected !
info: May-19-2021 17:41:42: 	Server up and running on port 5000 !
info: May-19-2021 17:41:42: 	MongoDB successfully connected !
info: May-19-2021 17:41:47: 	Server up and running on port 5000 !
info: May-19-2021 17:41:47: 	MongoDB successfully connected !
info: May-19-2021 17:41:48: 	Server up and running on port 5000 !
info: May-19-2021 17:41:48: 	MongoDB successfully connected !
info: May-19-2021 17:41:49: 	Server up and running on port 5000 !
info: May-19-2021 17:41:49: 	MongoDB successfully connected !
info: May-19-2021 17:41:54: 	Server up and running on port 5000 !
info: May-19-2021 17:41:54: 	MongoDB successfully connected !
info: May-19-2021 17:41:59: 	Server up and running on port 5000 !
info: May-19-2021 17:41:59: 	MongoDB successfully connected !
info: May-19-2021 17:42:02: 	Server up and running on port 5000 !
info: May-19-2021 17:42:03: 	MongoDB successfully connected !
info: May-19-2021 17:42:08: 	Server up and running on port 5000 !
info: May-19-2021 17:42:08: 	MongoDB successfully connected !
info: May-19-2021 17:42:12: 	Server up and running on port 5000 !
info: May-19-2021 17:42:13: 	MongoDB successfully connected !
info: May-19-2021 17:42:15: 	Server up and running on port 5000 !
info: May-19-2021 17:42:16: 	MongoDB successfully connected !
info: May-19-2021 17:42:17: 	Server up and running on port 5000 !
info: May-19-2021 17:42:17: 	MongoDB successfully connected !
info: May-19-2021 17:42:22: 	Server up and running on port 5000 !
info: May-19-2021 17:42:22: 	MongoDB successfully connected !
info: May-19-2021 17:42:23: 	Server up and running on port 5000 !
info: May-19-2021 17:42:23: 	MongoDB successfully connected !
info: May-19-2021 17:42:25: 	Server up and running on port 5000 !
info: May-19-2021 17:42:26: 	MongoDB successfully connected !
info: May-19-2021 17:42:28: 	Server up and running on port 5000 !
info: May-19-2021 17:42:29: 	MongoDB successfully connected !
info: May-19-2021 17:42:30: 	Server up and running on port 5000 !
info: May-19-2021 17:42:31: 	MongoDB successfully connected !
info: May-19-2021 17:42:38: 	Login successful !
info: May-19-2021 17:42:38: 	Room uploaded successfully
info: May-19-2021 17:42:39: 	Search successful !
info: May-19-2021 17:43:05: 	Server up and running on port 5000 !
info: May-19-2021 17:43:05: 	MongoDB successfully connected !
info: May-19-2021 17:43:08: 	Server up and running on port 5000 !
info: May-19-2021 17:43:09: 	MongoDB successfully connected !
info: May-19-2021 17:43:23: 	Server up and running on port 5000 !
info: May-19-2021 17:43:23: 	MongoDB successfully connected !
info: May-19-2021 17:44:40: 	Server up and running on port 5000 !
info: May-19-2021 17:44:41: 	MongoDB successfully connected !
info: May-19-2021 17:56:38: 	Server up and running on port 5000 !
info: May-19-2021 17:56:39: 	MongoDB successfully connected !
error: May-19-2021 17:56:43: 	User already exists !
error: May-19-2021 17:56:43: 	User not valid !
info: May-19-2021 17:56:43: 	Login successful !
error: May-19-2021 17:56:43: 	User not found
info: May-19-2021 17:56:45: 	Search successful !
info: May-19-2021 17:57:50: 	Server up and running on port 5000 !
info: May-19-2021 17:57:50: 	MongoDB successfully connected !
info: May-19-2021 17:59:43: 	Server up and running on port 5000 !
info: May-19-2021 17:59:44: 	MongoDB successfully connected !
error: May-19-2021 18:00:04: 	User not valid !
info: May-19-2021 18:00:04: 	Login successful !
error: May-19-2021 18:00:04: 	User not found
info: May-19-2021 18:00:06: 	Search successful !
info: May-19-2021 18:09:07: 	Server up and running on port 5000 !
info: May-19-2021 18:09:08: 	MongoDB successfully connected !
info: May-19-2021 18:09:45: 	Server up and running on port 5000 !
info: May-19-2021 18:09:45: 	MongoDB successfully connected !
info: May-19-2021 18:09:55: 	Server up and running on port 5000 !
info: May-19-2021 18:09:56: 	MongoDB successfully connected !
info: May-19-2021 18:10:01: 	Server up and running on port 5000 !
info: May-19-2021 18:10:02: 	MongoDB successfully connected !
info: May-19-2021 18:10:07: 	Server up and running on port 5000 !
info: May-19-2021 18:10:08: 	MongoDB successfully connected !
info: May-19-2021 20:22:36: 	Server up and running on port 5000 !
info: May-19-2021 20:22:37: 	MongoDB successfully connected !
info: May-19-2021 20:36:26: 	Server up and running on port 5000 !
info: May-19-2021 20:36:27: 	MongoDB successfully connected !
error: May-19-2021 20:36:36: 	User not valid !
info: May-19-2021 20:36:36: 	Login successful !
error: May-19-2021 20:36:36: 	User not found
info: May-19-2021 20:36:36: 	Search successful !
info: May-19-2021 21:07:00: 	Login successful !
info: May-19-2021 21:07:10: 	Search successful !
